<?xml version="1.0" encoding="UTF-8"?>
<testng-results skipped="0" failed="1" ignored="2" total="5" passed="2">
  <reporter-output>
  </reporter-output>
  <suite name="Suite" duration-ms="38323" started-at="2020-03-05T11:42:13Z" finished-at="2020-03-05T11:42:51Z">
    <groups>
    </groups>
    <test name="Test" duration-ms="38323" started-at="2020-03-05T11:42:13Z" finished-at="2020-03-05T11:42:51Z">
      <class name="Pages.SignUp">
        <test-method status="PASS" signature="setUpEnv()[pri:0, instance:Pages.SignUp@3bfdc050]" name="setUpEnv" is-config="true" duration-ms="12440" started-at="2020-03-05T17:12:38Z" finished-at="2020-03-05T17:12:50Z">
          <reporter-output>
          </reporter-output>
        </test-method> <!-- setUpEnv -->
        <test-method status="PASS" signature="SigUpTest()[pri:3, instance:Pages.SignUp@3bfdc050]" name="SigUpTest" duration-ms="407" started-at="2020-03-05T17:12:50Z" finished-at="2020-03-05T17:12:51Z">
          <reporter-output>
          </reporter-output>
        </test-method> <!-- SigUpTest -->
        <test-method status="PASS" signature="tearDown(org.testng.ITestResult)[pri:0, instance:Pages.SignUp@3bfdc050]" name="tearDown" is-config="true" duration-ms="199" started-at="2020-03-05T17:12:51Z" finished-at="2020-03-05T17:12:51Z">
          <params>
            <param index="0">
              <value>
                <![CDATA[[TestResult name=SigUpTest status=SUCCESS method=SignUp.SigUpTest()[pri:3, instance:Pages.SignUp@3bfdc050] output={null}]]]>
              </value>
            </param>
          </params>
          <reporter-output>
          </reporter-output>
        </test-method> <!-- tearDown -->
      </class> <!-- Pages.SignUp -->
      <class name="Pages.LoginTest">
        <test-method status="PASS" signature="getInstance()[pri:0, instance:Pages.LoginTest@42d80b78]" name="getInstance" is-config="true" duration-ms="315" started-at="2020-03-05T17:12:12Z" finished-at="2020-03-05T17:12:13Z">
          <reporter-output>
          </reporter-output>
        </test-method> <!-- getInstance -->
        <test-method status="PASS" signature="setUpEnv()[pri:0, instance:Pages.LoginTest@42d80b78]" name="setUpEnv" is-config="true" duration-ms="12258" started-at="2020-03-05T17:12:13Z" finished-at="2020-03-05T17:12:25Z">
          <reporter-output>
          </reporter-output>
        </test-method> <!-- setUpEnv -->
        <test-method status="PASS" signature="verifyLoginPage()[pri:1, instance:Pages.LoginTest@42d80b78]" name="verifyLoginPage" duration-ms="64" started-at="2020-03-05T17:12:25Z" finished-at="2020-03-05T17:12:25Z">
          <reporter-output>
          </reporter-output>
        </test-method> <!-- verifyLoginPage -->
        <test-method status="PASS" signature="tearDown(org.testng.ITestResult)[pri:0, instance:Pages.LoginTest@42d80b78]" name="tearDown" is-config="true" duration-ms="250" started-at="2020-03-05T17:12:25Z" finished-at="2020-03-05T17:12:25Z">
          <params>
            <param index="0">
              <value>
                <![CDATA[[TestResult name=verifyLoginPage status=SUCCESS method=LoginTest.verifyLoginPage()[pri:1, instance:Pages.LoginTest@42d80b78] output={null}]]]>
              </value>
            </param>
          </params>
          <reporter-output>
          </reporter-output>
        </test-method> <!-- tearDown -->
        <test-method status="PASS" signature="setUpEnv()[pri:0, instance:Pages.LoginTest@42d80b78]" name="setUpEnv" is-config="true" duration-ms="11960" started-at="2020-03-05T17:12:25Z" finished-at="2020-03-05T17:12:37Z">
          <reporter-output>
          </reporter-output>
        </test-method> <!-- setUpEnv -->
        <test-method status="FAIL" signature="checkErrorMessage1()[pri:2, instance:Pages.LoginTest@42d80b78]" name="checkErrorMessage1" duration-ms="549" started-at="2020-03-05T17:12:37Z" finished-at="2020-03-05T17:12:38Z">
          <exception class="java.lang.AssertionError">
            <message>
              <![CDATA[The following asserts failed:
	expected [Please enter email as kiran123@gmail.com] but found [Please enter email as kiran@gmail.com]]]>
            </message>
            <full-stacktrace>
              <![CDATA[java.lang.AssertionError: The following asserts failed:
	expected [Please enter email as kiran123@gmail.com] but found [Please enter email as kiran@gmail.com]
	at org.testng.asserts.SoftAssert.assertAll(SoftAssert.java:43)
	at Pages.LoginTest.checkErrorMessage1(LoginTest.java:65)
	at sun.reflect.NativeMethodAccessorImpl.invoke0(Native Method)
	at sun.reflect.NativeMethodAccessorImpl.invoke(NativeMethodAccessorImpl.java:62)
	at sun.reflect.DelegatingMethodAccessorImpl.invoke(DelegatingMethodAccessorImpl.java:43)
	at java.lang.reflect.Method.invoke(Method.java:498)
	at org.testng.internal.MethodInvocationHelper.invokeMethod(MethodInvocationHelper.java:104)
	at org.testng.internal.Invoker.invokeMethod(Invoker.java:645)
	at org.testng.internal.Invoker.invokeTestMethod(Invoker.java:851)
	at org.testng.internal.Invoker.invokeTestMethods(Invoker.java:1177)
	at org.testng.internal.TestMethodWorker.invokeTestMethods(TestMethodWorker.java:129)
	at org.testng.internal.TestMethodWorker.run(TestMethodWorker.java:112)
	at org.testng.TestRunner.privateRun(TestRunner.java:756)
	at org.testng.TestRunner.run(TestRunner.java:610)
	at org.testng.SuiteRunner.runTest(SuiteRunner.java:387)
	at org.testng.SuiteRunner.runSequentially(SuiteRunner.java:382)
	at org.testng.SuiteRunner.privateRun(SuiteRunner.java:340)
	at org.testng.SuiteRunner.run(SuiteRunner.java:289)
	at org.testng.SuiteRunnerWorker.runSuite(SuiteRunnerWorker.java:52)
	at org.testng.SuiteRunnerWorker.run(SuiteRunnerWorker.java:86)
	at org.testng.TestNG.runSuitesSequentially(TestNG.java:1293)
	at org.testng.TestNG.runSuitesLocally(TestNG.java:1218)
	at org.testng.TestNG.runSuites(TestNG.java:1133)
	at org.testng.TestNG.run(TestNG.java:1104)
	at org.testng.remote.AbstractRemoteTestNG.run(AbstractRemoteTestNG.java:132)
	at org.testng.remote.RemoteTestNG.initAndRun(RemoteTestNG.java:236)
	at org.testng.remote.RemoteTestNG.main(RemoteTestNG.java:81)
]]>
            </full-stacktrace>
          </exception> <!-- java.lang.AssertionError -->
          <reporter-output>
          </reporter-output>
        </test-method> <!-- checkErrorMessage1 -->
        <test-method status="PASS" signature="tearDown(org.testng.ITestResult)[pri:0, instance:Pages.LoginTest@42d80b78]" name="tearDown" is-config="true" duration-ms="173" started-at="2020-03-05T17:12:38Z" finished-at="2020-03-05T17:12:38Z">
          <params>
            <param index="0">
              <value>
                <![CDATA[[TestResult name=checkErrorMessage1 status=FAILURE method=LoginTest.checkErrorMessage1()[pri:2, instance:Pages.LoginTest@42d80b78] output={null}]]]>
              </value>
            </param>
          </params>
          <reporter-output>
          </reporter-output>
        </test-method> <!-- tearDown -->
        <test-method status="PASS" signature="tearDownMethod()[pri:0, instance:Pages.LoginTest@42d80b78]" name="tearDownMethod" is-config="true" duration-ms="606" started-at="2020-03-05T17:12:51Z" finished-at="2020-03-05T17:12:52Z">
          <reporter-output>
          </reporter-output>
        </test-method> <!-- tearDownMethod -->
      </class> <!-- Pages.LoginTest -->
    </test> <!-- Test -->
  </suite> <!-- Suite -->
</testng-results>
